<?xml version="1.0" encoding="UTF-8"?>
<!-- Generated by org.testng.reporters.JUnitReportReporter -->
<testsuite hostname="sudhakar-PC" failures="0" tests="1" name="newpackage.GoogleTestTestng" time="0.029" errors="0" timestamp="05 Aug 2018 03:31:25 GMT" skipped="0">
  <testcase classname="newpackage.GoogleTestTestng" name="googleTitleTest" time="0.029"/>
</testsuite> <!-- newpackage.GoogleTestTestng -->
