<?xml version="1.0" encoding="UTF-8"?>
<!-- Generated by org.testng.reporters.JUnitReportReporter -->
<testsuite hostname="sudhakar-PC" failures="0" tests="1" name="newpackage.firsttestngfile" time="0.127" errors="0" timestamp="05 Aug 2018 03:22:38 GMT" skipped="0">
  <testcase classname="newpackage.firsttestngfile" name="verifyHomepageTitle" time="0.127"/>
</testsuite> <!-- newpackage.firsttestngfile -->
