<?xml version="1.0" encoding="UTF-8"?>
<!-- Generated by org.testng.reporters.JUnitReportReporter -->
<testsuite hostname="sudhakar-PC" failures="0" tests="1" name="newpackage.SingleTonExample" time="0.031" errors="0" timestamp="20 Feb 2019 00:46:19 GMT" skipped="0">
  <testcase classname="newpackage.SingleTonExample" name="Hello" time="0.031"/>
</testsuite> <!-- newpackage.SingleTonExample -->
